<?xml version="1.0" encoding="UTF-8"?>
<!-- Generated by org.testng.reporters.JUnitReportReporter -->
<testsuite hostname="LAPTOP-P620LIN7" failures="0" tests="1" name="Tests.HomeTest" time="6.580" errors="0" timestamp="02 Mar 2023 19:35:02 GMT" skipped="0">
  <testcase classname="Tests.HomeTest" name="userRegistration" time="6.580"/>
</testsuite> <!-- Tests.HomeTest -->
